make all --print-data-base --no-builtin-variables --no-builtin-rules --question
# GNU Make 3.81
# Copyright (C) 2006  Free Software Foundation, Inc.
# This is free software; see the source for copying conditions.
# There is NO warranty; not even for MERCHANTABILITY or FITNESS FOR A
# PARTICULAR PURPOSE.

# This program built for i386-apple-darwin11.3.0
 
make: *** No rule to make target `all'.  Stop.


# Make data base, printed on Mon Jul 25 16:11:39 2022

# Variables

# makefile (from `Makefile', line 280)
 
QEMUGDB = $(shell if $(QEMU) -help | grep -q '^-gdb'; then echo "-gdb tcp::$(GDBPORT)"; else echo "-s -p $(GDBPORT)"; fi)
# automatic
<D = $(patsubst %/,%,$(dir $<))
# automatic
?F = $(notdir $?)
# environment
ELECTRON_NO_ATTACH_CONSOLE = 1
# makefile (from `Makefile', line 81)
QEMU = qemu-system-riscv64
# automatic
?D = $(patsubst %/,%,$(dir $?))
# automatic
@D = $(patsubst %/,%,$(dir $@))
# automatic
@F = $(notdir $@)
# makefile
CURDIR := /Users/mr.li/xv6-labs-2021
# makefile (from `Makefile', line 8)
K = kernel
# makefile
SHELL = /bin/sh
# makefile (from `Makefile', line 9)
U = user
# environment
VSCODE_NLS_CONFIG = {"locale":"zh-cn","availableLanguages":{},"_languagePackSupport":true}
# environment
_ = /usr/bin/make
# makefile (from `Makefile', line 114)
CFLAGS = -Wall -Werror -O -fno-omit-frame-pointer -ggdb $(XCFLAGS) -MD -mcmodel=medany -ffreestanding -fno-common -nostdlib -mno-relax -I. $(shell $(CC) -fno-stack-protector -E -x c /dev/null >/dev/null 2>&1 && echo -fno-stack-protector) -fno-pie -no-pie
# makefile (from `Makefile', line 376)
UPSTREAM := origin
# makefile (from `Makefile', line 278)
GDBPORT = $(shell expr `id -u` % 5000 + 25000)
# makefile (from `user/zombie.d', line 1)
MAKEFILE_LIST :=  Makefile conf/lab.mk kernel/bio.d kernel/console.d kernel/exec.d kernel/file.d kernel/fs.d kernel/kalloc.d kernel/log.d kernel/main.d kernel/pipe.d kernel/plic.d kernel/printf.d kernel/proc.d kernel/sleeplock.d kernel/spinlock.d kernel/start.d kernel/string.d kernel/syscall.d kernel/sysfile.d kernel/sysproc.d kernel/trap.d kernel/uart.d kernel/virtio_disk.d kernel/vm.d user/cat.d user/cowtest.d user/echo.d user/forktest.d user/grep.d user/grind.d user/init.d user/initcode.d user/kill.d user/ln.d user/ls.d user/mkdir.d user/printf.d user/rm.d user/sh.d user/stressfs.d user/ulib.d user/umalloc.d user/usertests.d user/usys.d user/wc.d user/zombie.d
# makefile (from `Makefile', line 84)
AS = $(TOOLPREFIX)gas
# environment
__CFBundleIdentifier = com.microsoft.VSCode
# environment
INFOPATH = /opt/homebrew/share/info:
# environment
VSCODE_CWD = /Users/mr.li/xv6-labs-2021
# makefile (from `Makefile', line 35)
OBJS_KCSAN = $K/start.o $K/console.o $K/printf.o $K/uart.o $K/spinlock.o
# environment
PATH = /opt/homebrew/bin:/opt/homebrew/sbin:/usr/local/bin:/usr/bin:/bin:/usr/sbin:/sbin:/Library/Apple/usr/bin
# makefile (from `Makefile', line 85)
LD = $(TOOLPREFIX)ld
# makefile (from `Makefile', line 284)
CPUS := 3
# environment
ELECTRON_RUN_AS_NODE = 1
# makefile (from `Makefile', line 120)
LDFLAGS = -z max-page-size=4096
# makefile (from `Makefile', line 142)
ULIB = $U/ulib.o $U/usys.o $U/printf.o $U/umalloc.o
# default
.FEATURES := target-specific order-only second-expansion else-if archives jobserver check-symlink
# environment
SSH_AUTH_SOCK = /private/tmp/com.apple.launchd.PXTPiPZm8v/Listeners
# automatic
%F = $(notdir $%)
# makefile (from `Makefile', line 11)
OBJS = $K/entry.o $K/kalloc.o $K/string.o $K/main.o $K/vm.o $K/proc.o $K/swtch.o $K/trampoline.o $K/trap.o $K/syscall.o $K/sysproc.o $K/bio.o $K/fs.o $K/log.o $K/sleeplock.o $K/file.o $K/pipe.o $K/exec.o $K/sysfile.o $K/kernelvec.o $K/plic.o $K/virtio_disk.o
# environment
PWD = /Users/mr.li/xv6-labs-2021
# environment
HOMEBREW_CELLAR = /opt/homebrew/Cellar
# environment
ORIGINAL_XDG_CURRENT_DESKTOP = undefined
# makefile (from `conf/lab.mk', line 1)
LAB = thread
# environment
MANPATH = /opt/homebrew/share/man::
# environment
VSCODE_AMD_ENTRYPOINT = vs/workbench/api/node/extensionHostProcess
# environment
HOME = /Users/mr.li
# makefile (from `Makefile', line 92)
LABUPPER = $(shell echo $(LAB) | tr a-z A-Z)
# default
MAKEFILEPATH := /Applications/Xcode.app/Contents/Developer/Makefiles
# environment
 
VSCODE_CLI = 1
# makefile (from `Makefile', line 344)
WEBSUB := https://6828.scripts.mit.edu/2021/handin.py
# environment
VSCODE_CODE_CACHE_PATH = /Users/mr.li/Library/Application Support/Code/CachedData/3b889b090b5ad5793f524b5d1d39fda662b96a2a
# environment
LOGNAME = mr.li
# environment
APPLICATION_INSIGHTS_NO_DIAGNOSTIC_CHANNEL = 1
# environment
VSCODE_HANDLES_UNCAUGHT_ERRORS = true
# automatic
^D = $(patsubst %/,%,$(dir $^))
# environment
XPC_FLAGS = 0x0
# default
MAKE = $(MAKE_COMMAND)
# default
MAKECMDGOALS := all
# environment
SHLVL = 3
# makefile (from `Makefile', line 83)
CC = $(TOOLPREFIX)gcc
# makefile (from `Makefile', line 69)
TOOLPREFIX := riscv64-unknown-elf-
# default
MAKE_VERSION := 3.81
# environment
USER = mr.li
# makefile
.DEFAULT_GOAL := kernel/kernel
# environment
TERM_SESSION_ID = 2E535786-23C6-4F25-BAB3-6D575657D895
# automatic
%D = $(patsubst %/,%,$(dir $%))
# default
MAKE_COMMAND := /Applications/Xcode.app/Contents/Developer/usr/bin/make
# environment
TERM_PROGRAM = Apple_Terminal
# default
.VARIABLES := 
# environment
TMPDIR = /var/folders/3x/qvhf0mwn7_7fbf7psm9vxthw0000gn/T/
# automatic
*F = $(notdir $*)
# environment
VSCODE_IPC_HOOK = /Users/mr.li/Library/Application Support/Code/1.69.2-main.sock
# environment
MallocNanoZone = 0
# makefile
MAKEFLAGS = Rrqp
# environment
MFLAGS = -Rrqp
# automatic
*D = $(patsubst %/,%,$(dir $*))
# environment
TERM_PROGRAM_VERSION = 445
# environment
XPC_SERVICE_NAME = application.com.microsoft.VSCode.5172521.5172527.8DEA1411-1AB1-4CE5-AEC3-4297C7CBE857
# environment
HOMEBREW_PREFIX = /opt/homebrew
# automatic
+D = $(patsubst %/,%,$(dir $+))
# makefile (from `Makefile', line 87)
OBJDUMP = $(TOOLPREFIX)objdump
# automatic
+F = $(notdir $+)
# environment
HOMEBREW_REPOSITORY = /opt/homebrew
# makefile (from `Makefile', line 93)
XCFLAGS = -DSOL_$(LABUPPER) -DLAB_$(LABUPPER)
# makefile (from `Makefile', line 294)
QEMUOPTS = -machine virt -bios none -kernel $K/kernel -m 128M -smp $(CPUS) -nographic -drive file=fs.img,if=none,format=raw,id=x0 -device virtio-blk-device,drive=x0,bus=virtio-mmio-bus.0
# environment
__CF_USER_TEXT_ENCODING = 0x1F5:0x19:0x34
# environment
COMMAND_MODE = unix2003
# makefile (from `Makefile', line 327)
GRADEFLAGS = -v
# default
MAKEFILES := 
# automatic
<F = $(notdir $<)
# makefile (from `Makefile', line 257)
UEXTRA = 
# makefile (from `Makefile', line 290)
FWDPORT = $(shell expr `id -u` % 5000 + 25999)
# environment
LC_ALL = C
# automatic
^F = $(notdir $^)
# makefile (from `Makefile', line 86)
OBJCOPY = $(TOOLPREFIX)objcopy
# default
SUFFIXES := 
# makefile (from `Makefile', line 217)
UPROGS = $U/_cat $U/_echo $U/_forktest $U/_grep $U/_init $U/_kill $U/_ln $U/_ls $U/_mkdir $U/_rm $U/_sh $U/_stressfs $U/_usertests $U/_grind $U/_wc $U/_zombie  $U/_uthread
# environment
MAKELEVEL := 0
# environment
LANG = C
# environment
TERM = xterm-256color
# environment
VSCODE_PID = 7100
# variable set hash-table stats:
# Load=95/1024=9%, Rehash=0, Collisions=16/445=4%

# Pattern-specific Variable Values

# No pattern-specific variable values.

# Directories

# user (device 16777231, inode 3969900): 124 files, no impossibilities.
# kernel (device 16777231, inode 3969851): 101 files, no impossibilities.
# . (device 16777231, inode 3967129): 22 files, no impossibilities.

# 247 files, no impossibilities in 3 directories.

# Implicit Rules

kernel/%.o: kernel/%.c
#  commands to execute (from `Makefile', line 130):
	$(CC) $(CFLAGS) $(EXTRAFLAG) -c -o $@ $<
	

_%: %.o user/ulib.o user/usys.o user/printf.o user/umalloc.o
#  commands to execute (from `Makefile', line 149):
	$(LD) $(LDFLAGS) -N -e main -Ttext 0 -o $@ $^
	$(OBJDUMP) -S $@ > $*.asm
	$(OBJDUMP) -t $@ | sed '1,/SYMBOL TABLE/d; s/ .* / /; /^$$/d' > $*.sym
	

# 2 implicit rules, 0 (0.0%) terminal.

# Files

user/grind.o: user/grind.c kernel/param.h kernel/types.h kernel/stat.h user/user.h kernel/fs.h kernel/fcntl.h kernel/syscall.h kernel/memlayout.h kernel/riscv.h
#  Implicit rule search has not been done.
#  Modification time never checked.
#  File has not been updated.

# Not a target:
user/_ln:
#  Implicit rule search has not been done.
#  Modification time never checked.
#  File has not been updated.

user/ln.o: user/ln.c kernel/types.h kernel/stat.h user/user.h
#  Implicit rule search has not been done.
#  Modification time never checked.
#  File has not been updated.

kernel/fs.o: kernel/fs.c kernel/types.h kernel/riscv.h kernel/defs.h kernel/param.h kernel/stat.h kernel/spinlock.h kernel/proc.h kernel/sleeplock.h kernel/fs.h kernel/buf.h kernel/file.h
#  Implicit rule search has not been done.
#  Modification time never checked.
#  File has not been updated.
# makefile (from `Makefile', line 127)
 
# EXTRAFLAG := 
# variable set hash-table stats:
# Load=1/32=3%, Rehash=0, Collisions=0/2=0%

# Not a target:
kernel/exec.c:
#  Implicit rule search has not been done.
#  Modification time never checked.
#  File has not been updated.

handin: tarball-pref myapi.key
#  Phony target (prerequisite of .PHONY).
#  Implicit rule search has not been done.
#  File does not exist.
#  File has not been updated.
#  commands to execute (from `Makefile', line 347):
	@SUF=$(LAB); \
	curl -f -F file=@lab-$$SUF-handin.tar.gz -F key=\<myapi.key $(WEBSUB)/upload \
	> /dev/null || { \
	echo ; \
	echo Submit seems to have failed.; \
	echo Please go to $(WEBSUB)/ and upload the tarball manually.; }
	

# Not a target:
user/cowtest.d:
#  A default, MAKEFILES, or -include/sinclude makefile.
#  Implicit rule search has been done.
#  Last modified 2022-07-25 15:58:21
#  File has been updated.
#  Successfully updated.
# variable set hash-table stats:
# Load=0/32=0%, Rehash=0, Collisions=0/0=0%

qemu: kernel/kernel fs.img
#  Implicit rule search has not been done.
#  Modification time never checked.
#  File has not been updated.
#  commands to execute (from `Makefile', line 302):
	$(QEMU) $(QEMUOPTS)
	

# Not a target:
kernel/virtio_disk.c:
#  Implicit rule search has not been done.
#  Modification time never checked.
#  File has not been updated.

# Not a target:
kernel/kalloc.d:
#  A default, MAKEFILES, or -include/sinclude makefile.
#  Implicit rule search has been done.
#  Last modified 2022-07-25 15:58:18
#  File has been updated.
#  Successfully updated.
# variable set hash-table stats:
# Load=0/32=0%, Rehash=0, Collisions=0/0=0%

kernel/exec.o: kernel/exec.c kernel/types.h kernel/param.h kernel/memlayout.h kernel/riscv.h kernel/spinlock.h kernel/proc.h kernel/defs.h kernel/elf.h
#  Implicit rule search has not been done.
#  Modification time never checked.
#  File has not been updated.
# makefile (from `Makefile', line 127)
# EXTRAFLAG := 
# variable set hash-table stats:
# Load=1/32=3%, Rehash=0, Collisions=0/2=0%

mkfs/mkfs: mkfs/mkfs.c kernel/fs.h kernel/param.h
#  Implicit rule search has not been done.
#  Modification time never checked.
#  File has not been updated.
#  commands to execute (from `Makefile', line 166):
	gcc $(XCFLAGS) -Werror -Wall -I. -o mkfs/mkfs mkfs/mkfs.c
	

# Not a target:
kernel/printf.c:
#  Implicit rule search has not been done.
#  Modification time never checked.
#  File has not been updated.

user/cat.o: user/cat.c kernel/types.h kernel/stat.h user/user.h
#  Implicit rule search has not been done.
#  Modification time never checked.
#  File has not been updated.

# Not a target:
kernel/bio.c:
#  Implicit rule search has not been done.
#  Modification time never checked.
#  File has not been updated.

# Not a target:
kernel/file.h:
#  Implicit rule search has not been done.
#  Modification time never checked.
#  File has not been updated.

user/mkdir.o: user/mkdir.c kernel/types.h kernel/stat.h user/user.h
#  Implicit rule search has not been done.
#  Modification time never checked.
#  File has not been updated.

# Not a target:
kernel/sysfile.c:
#  Implicit rule search has not been done.
#  Modification time never checked.
#  File has not been updated.

# Not a target:
user/_mkdir:
#  Implicit rule search has not been done.
#  Modification time never checked.
#  File has not been updated.

ph: notxv6/ph.c
#  Implicit rule search has not been done.
#  Modification time never checked.
#  File has not been updated.
#  commands to execute (from `Makefile', line 228):
	gcc -o ph -g -O2 $(XCFLAGS) notxv6/ph.c -pthread
	

# Not a target:
all:
#  Command-line target.
#  Implicit rule search has been done.
#  File does not exist.
#  File has not been updated.
# variable set hash-table stats:
# Load=0/32=0%, Rehash=0, Collisions=0/0=0%

# Not a target:
%.o:
#  Precious file (prerequisite of .PRECIOUS).
#  Implicit rule search has not been done.
#  Modification time never checked.
#  File has not been updated.

# Not a target:
notxv6/ph.c:
#  Implicit rule search has not been done.
#  Modification time never checked.
#  File has not been updated.

# Not a target:
kernel/vm.c:
#  Implicit rule search has not been done.
#  Modification time never checked.
#  File has not been updated.

# Not a target:
user/kill.c:
#  Implicit rule search has not been done.
#  Modification time never checked.
#  File has not been updated.

# Not a target:
kernel/spinlock.h:
#  Implicit rule search has not been done.
#  Modification time never checked.
#  File has not been updated.

# Not a target:
kernel/console.d:
#  A default, MAKEFILES, or -include/sinclude makefile.
#  Implicit rule search has been done.
#  Last modified 2022-07-25 15:58:19
#  File has been updated.
#  Successfully updated.
 
# variable set hash-table stats:
# Load=0/32=0%, Rehash=0, Collisions=0/0=0%

user/sh.o: user/sh.c kernel/types.h user/user.h kernel/fcntl.h
#  Implicit rule search has not been done.
#  Modification time never checked.
#  File has not been updated.

.PHONY: handin tarball tarball-pref clean grade handin-check
#  Implicit rule search has not been done.
#  Modification time never checked.
#  File has not been updated.

# Not a target:
kernel/kernel.ld:
#  Implicit rule search has not been done.
#  Modification time never checked.
#  File has not been updated.

kernel/uart.o: kernel/uart.c kernel/types.h kernel/param.h kernel/memlayout.h kernel/riscv.h kernel/spinlock.h kernel/proc.h kernel/defs.h
#  Implicit rule search has not been done.
#  Modification time never checked.
#  File has not been updated.

kernel/sleeplock.o: kernel/sleeplock.c kernel/types.h kernel/riscv.h kernel/defs.h kernel/param.h kernel/memlayout.h kernel/spinlock.h kernel/proc.h kernel/sleeplock.h
#  Implicit rule search has not been done.
#  Modification time never checked.
#  File has not been updated.
# makefile (from `Makefile', line 127)
# EXTRAFLAG := 
# variable set hash-table stats:
# Load=1/32=3%, Rehash=0, Collisions=0/2=0%

kernel/plic.o: kernel/plic.c kernel/types.h kernel/param.h kernel/memlayout.h kernel/riscv.h kernel/defs.h
#  Implicit rule search has not been done.
#  Modification time never checked.
#  File has not been updated.
# makefile (from `Makefile', line 127)
# EXTRAFLAG := 
# variable set hash-table stats:
# Load=1/32=3%, Rehash=0, Collisions=0/2=0%

user/init.o: user/init.c kernel/types.h kernel/stat.h kernel/spinlock.h kernel/sleeplock.h kernel/fs.h kernel/file.h user/user.h kernel/fcntl.h
#  Implicit rule search has not been done.
#  Modification time never checked.
#  File has not been updated.

# Not a target:
user/_init:
#  Implicit rule search has not been done.
#  Modification time never checked.
#  File has not been updated.

kernel/log.o: kernel/log.c kernel/types.h kernel/riscv.h kernel/defs.h kernel/param.h kernel/spinlock.h kernel/sleeplock.h kernel/fs.h kernel/buf.h
#  Implicit rule search has not been done.
#  Modification time never checked.
#  File has not been updated.
# makefile (from `Makefile', line 127)
# EXTRAFLAG := 
# variable set hash-table stats:
# Load=1/32=3%, Rehash=0, Collisions=0/2=0%

# Not a target:
user/wc.c:
#  Implicit rule search has not been done.
#  Modification time never checked.
#  File has not been updated.

handin-check:
#  Phony target (prerequisite of .PHONY).
#  Implicit rule search has not been done.
#  File does not exist.
#  File has not been updated.
#  commands to execute (from `Makefile', line 355):
	@if ! test -d .git; then \
	echo No .git directory, is this a git repository?; \
	false; \
	fi
	@if test "$$(git symbolic-ref HEAD)" != refs/heads/$(LAB); then \
	git branch; \
	read -p "You are not on the $(LAB) branch.  Hand-in the current branch? [y/N] " r; \
	test "$$r" = y; \
	fi
	@if ! git diff-files --quiet || ! git diff-index --quiet --cached HEAD; then \
	git status -s; \
	echo; \
	echo "You have uncomitted changes.  Please commit or stash them."; \
	false; \
	fi
	@if test -n "`git status -s`"; then \
	git status -s; \
	read -p "Untracked files will not be handed in.  Continue? [y/N] " r; \
	test "$$r" = y; \
	fi
	

# Not a target:
user/echo.c:
#  Implicit rule search has not been done.
#  Modification time never checked.
#  File has not been updated.

user/usys.S: user/usys.pl
#  Implicit rule search has not been done.
#  Modification time never checked.
#  File has not been updated.
#  commands to execute (from `Makefile', line 154):
	perl $U/usys.pl > $U/usys.S
	

.PRECIOUS: %.o
#  Implicit rule search has not been done.
#  Modification time never checked.
#  File has not been updated.

# Not a target:
kernel/bio.d:
#  A default, MAKEFILES, or -include/sinclude makefile.
#  Implicit rule search has been done.
#  Last modified 2022-07-25 15:58:18
#  File has been updated.
#  Successfully updated.
# variable set hash-table stats:
# Load=0/32=0%, Rehash=0, Collisions=0/0=0%

# Not a target:
kernel/start.c:
#  Implicit rule search has not been done.
#  Modification time never checked.
#  File has not been updated.

# Not a target:
README:
#  Implicit rule search has not been done.
#  Modification time never checked.
#  File has not been updated.

kernel/syscall.o: kernel/syscall.c kernel/types.h kernel/param.h kernel/memlayout.h kernel/riscv.h kernel/spinlock.h kernel/proc.h kernel/syscall.h kernel/defs.h
#  Implicit rule search has not been done.
#  Modification time never checked.
#  File has not been updated.
# makefile (from `Makefile', line 127)
# EXTRAFLAG := 
# variable set hash-table stats:
# Load=1/32=3%, Rehash=0, Collisions=0/2=0%

# Not a target:
kernel/memlayout.h:
#  Implicit rule search has not been done.
#  Modification time never checked.
#  File has not been updated.

user/rm.o: user/rm.c kernel/types.h kernel/stat.h user/user.h
#  Implicit rule search has not been done.
#  Modification time never checked.
#  File has not been updated.

# Not a target:
user/ls.c:
#  Implicit rule search has not been done.
#  Modification time never checked.
#  File has not been updated.

print-gdbport:
#  Implicit rule search has not been done.
#  Modification time never checked.
#  File has not been updated.
#  commands to execute (from `Makefile', line 331):
	@echo $(GDBPORT)
	

# Not a target:
user/stressfs.c:
#  Implicit rule search has not been done.
#  Modification time never checked.
#  File has not been updated.

# Not a target:
user/kill.d:
#  A default, MAKEFILES, or -include/sinclude makefile.
#  Implicit rule search has been done.
#  Last modified 2022-07-25 15:58:20
#  File has been updated.
#  Successfully updated.
# variable set hash-table stats:
# Load=0/32=0%, Rehash=0, Collisions=0/0=0%

kernel/vm.o: kernel/vm.c kernel/param.h kernel/types.h kernel/memlayout.h kernel/elf.h kernel/riscv.h kernel/defs.h kernel/fs.h
 
#  Implicit rule search has not been done.
#  Modification time never checked.
#  File has not been updated.
# makefile (from `Makefile', line 127)
# EXTRAFLAG := 
# variable set hash-table stats:
# Load=1/32=3%, Rehash=0, Collisions=0/2=0%

# Not a target:
kernel/fcntl.h:
#  Implicit rule search has not been done.
#  Modification time never checked.
#  File has not been updated.

# Not a target:
kernel/console.c:
#  Implicit rule search has not been done.
#  Modification time never checked.
#  File has not been updated.

# Not a target:
user/uthread_switch.S:
#  Implicit rule search has not been done.
#  Modification time never checked.
#  File has not been updated.

# Not a target:
user/ulib.c:
#  Implicit rule search has not been done.
#  Modification time never checked.
#  File has not been updated.

# Not a target:
kernel/trampoline.o:
#  Implicit rule search has not been done.
#  Modification time never checked.
#  File has not been updated.
# makefile (from `Makefile', line 127)
# EXTRAFLAG := 
# variable set hash-table stats:
# Load=1/32=3%, Rehash=0, Collisions=0/2=0%

# Not a target:
user/_stressfs:
#  Implicit rule search has not been done.
#  Modification time never checked.
#  File has not been updated.

# Not a target:
user/initcode.S:
#  Implicit rule search has not been done.
#  Modification time never checked.
#  File has not been updated.

# Not a target:
kernel/exec.d:
#  A default, MAKEFILES, or -include/sinclude makefile.
#  Implicit rule search has been done.
#  Last modified 2022-07-25 15:58:19
#  File has been updated.
#  Successfully updated.
# variable set hash-table stats:
# Load=0/32=0%, Rehash=0, Collisions=0/0=0%

# Not a target:
_init:
#  Implicit rule search has not been done.
#  Modification time never checked.
#  File has not been updated.

# Not a target:
.SUFFIXES:
#  Implicit rule search has not been done.
#  Modification time never checked.
#  File has not been updated.

user/forktest.o: user/forktest.c kernel/types.h kernel/stat.h user/user.h
#  Implicit rule search has not been done.
#  Modification time never checked.
#  File has not been updated.

# Not a target:
user/umalloc.d:
#  A default, MAKEFILES, or -include/sinclude makefile.
#  Implicit rule search has been done.
#  Last modified 2022-07-25 15:58:20
#  File has been updated.
#  Successfully updated.
# variable set hash-table stats:
# Load=0/32=0%, Rehash=0, Collisions=0/0=0%

tags: kernel/entry.o kernel/kalloc.o kernel/string.o kernel/main.o kernel/vm.o kernel/proc.o kernel/swtch.o kernel/trampoline.o kernel/trap.o kernel/syscall.o kernel/sysproc.o kernel/bio.o kernel/fs.o kernel/log.o kernel/sleeplock.o kernel/file.o kernel/pipe.o kernel/exec.o kernel/sysfile.o kernel/kernelvec.o kernel/plic.o kernel/virtio_disk.o _init
#  Implicit rule search has not been done.
#  Modification time never checked.
#  File has not been updated.
#  commands to execute (from `Makefile', line 140):
	etags *.S *.c
	

user/_forktest: user/forktest.o user/ulib.o user/usys.o user/printf.o user/umalloc.o
#  Implicit rule search has not been done.
#  Modification time never checked.
#  File has not been updated.
#  commands to execute (from `Makefile', line 160):
	# forktest has less library code linked in - needs to be small
	# in order to be able to max out the proc table.
	$(LD) $(LDFLAGS) -N -e main -Ttext 0 -o $U/_forktest $U/forktest.o $U/ulib.o $U/usys.o
	$(OBJDUMP) -S $U/_forktest > $U/forktest.asm
	

# Not a target:
Makefile:
#  Implicit rule search has been done.
#  Last modified 2022-07-22 13:49:25
#  File has been updated.
#  Successfully updated.
# variable set hash-table stats:
# Load=0/32=0%, Rehash=0, Collisions=0/0=0%

# Not a target:
kernel/riscv.h:
#  Implicit rule search has not been done.
#  Modification time never checked.
#  File has not been updated.

# Not a target:
user/grep.c:
#  Implicit rule search has not been done.
#  Modification time never checked.
#  File has not been updated.

# Not a target:
kernel/file.d:
#  A default, MAKEFILES, or -include/sinclude makefile.
#  Implicit rule search has been done.
#  Last modified 2022-07-25 15:58:19
#  File has been updated.
#  Successfully updated.
# variable set hash-table stats:
# Load=0/32=0%, Rehash=0, Collisions=0/0=0%

# Not a target:
kernel/pipe.c:
#  Implicit rule search has not been done.
#  Modification time never checked.
#  File has not been updated.

user/echo.o: user/echo.c kernel/types.h kernel/stat.h user/user.h
#  Implicit rule search has not been done.
#  Modification time never checked.
#  File has not been updated.

user/cowtest.o: user/cowtest.c kernel/types.h kernel/memlayout.h user/user.h
#  Implicit rule search has not been done.
#  Modification time never checked.
#  File has not been updated.

# Not a target:
user/_ls:
#  Implicit rule search has not been done.
#  Modification time never checked.
#  File has not been updated.

# Not a target:
kernel/buf.h:
#  Implicit rule search has not been done.
#  Modification time never checked.
#  File has not been updated.

# Not a target:
kernel/spinlock.d:
#  A default, MAKEFILES, or -include/sinclude makefile.
#  Implicit rule search has been done.
#  Last modified 2022-07-25 15:58:19
#  File has been updated.
#  Successfully updated.
# variable set hash-table stats:
# Load=0/32=0%, Rehash=0, Collisions=0/0=0%

 
# Not a target:
kernel/proc.d:
#  A default, MAKEFILES, or -include/sinclude makefile.
#  Implicit rule search has been done.
#  Last modified 2022-07-25 15:58:18
#  File has been updated.
#  Successfully updated.
# variable set hash-table stats:
# Load=0/32=0%, Rehash=0, Collisions=0/0=0%

# Not a target:
kernel/main.c:
#  Implicit rule search has not been done.
#  Modification time never checked.
#  File has not been updated.

tarball: handin-check
#  Phony target (prerequisite of .PHONY).
#  Implicit rule search has not been done.
#  File does not exist.
#  File has not been updated.
#  commands to execute (from `Makefile', line 379):
	git archive --format=tar HEAD | gzip > lab-$(LAB)-handin.tar.gz
	

# Not a target:
user/grind.c:
#  Implicit rule search has not been done.
#  Modification time never checked.
#  File has not been updated.

# Not a target:
user/ln.c:
#  Implicit rule search has not been done.
#  Modification time never checked.
#  File has not been updated.

# Not a target:
kernel/string.d:
#  A default, MAKEFILES, or -include/sinclude makefile.
#  Implicit rule search has been done.
#  Last modified 2022-07-25 15:58:18
#  File has been updated.
#  Successfully updated.
# variable set hash-table stats:
# Load=0/32=0%, Rehash=0, Collisions=0/0=0%

kernel/kalloc.o: kernel/kalloc.c kernel/types.h kernel/param.h kernel/memlayout.h kernel/spinlock.h kernel/riscv.h kernel/defs.h
#  Implicit rule search has not been done.
#  Modification time never checked.
#  File has not been updated.
# makefile (from `Makefile', line 127)
# EXTRAFLAG := 
# variable set hash-table stats:
# Load=1/32=3%, Rehash=0, Collisions=0/2=0%

grade:
#  Phony target (prerequisite of .PHONY).
#  Implicit rule search has not been done.
#  File does not exist.
#  File has not been updated.
#  commands to execute (from `Makefile', line 334):
	@echo $(MAKE) clean
	@$(MAKE) clean || \
	(echo "'make clean' failed.  HINT: Do you have another running instance of xv6?" && exit 1)
	./grade-lab-$(LAB) $(GRADEFLAGS)
	

# Not a target:
kernel/fs.c:
#  Implicit rule search has not been done.
#  Modification time never checked.
#  File has not been updated.

# Not a target:
kernel/sysfile.d:
#  A default, MAKEFILES, or -include/sinclude makefile.
#  Implicit rule search has been done.
#  Last modified 2022-07-25 15:58:19
#  File has been updated.
#  Successfully updated.
# variable set hash-table stats:
# Load=0/32=0%, Rehash=0, Collisions=0/0=0%

# Not a target:
user/_rm:
#  Implicit rule search has not been done.
#  Modification time never checked.
#  File has not been updated.

# Not a target:
.gdbinit.tmpl-riscv:
#  Implicit rule search has not been done.
#  Modification time never checked.
#  File has not been updated.

# Not a target:
mkfs/mkfs.c:
#  Implicit rule search has not been done.
#  Modification time never checked.
#  File has not been updated.

# Not a target:
kernel/virtio_disk.d:
#  A default, MAKEFILES, or -include/sinclude makefile.
#  Implicit rule search has been done.
#  Last modified 2022-07-25 15:58:19
#  File has been updated.
#  Successfully updated.
# variable set hash-table stats:
# Load=0/32=0%, Rehash=0, Collisions=0/0=0%

# Not a target:
user/cat.c:
#  Implicit rule search has not been done.
#  Modification time never checked.
#  File has not been updated.

# Not a target:
user/mkdir.c:
#  Implicit rule search has not been done.
#  Modification time never checked.
#  File has not been updated.

# Not a target:
kernel/proc.h:
#  Implicit rule search has not been done.
#  Modification time never checked.
#  File has not been updated.

# Not a target:
kernel/printf.d:
#  A default, MAKEFILES, or -include/sinclude makefile.
#  Implicit rule search has been done.
#  Last modified 2022-07-25 15:58:19
#  File has been updated.
#  Successfully updated.
# variable set hash-table stats:
# Load=0/32=0%, Rehash=0, Collisions=0/0=0%

kernel/kernel: kernel/entry.o kernel/kalloc.o kernel/string.o kernel/main.o kernel/vm.o kernel/proc.o kernel/swtch.o kernel/trampoline.o kernel/trap.o kernel/syscall.o kernel/sysproc.o kernel/bio.o kernel/fs.o kernel/log.o kernel/sleeplock.o kernel/file.o kernel/pipe.o kernel/exec.o kernel/sysfile.o kernel/kernelvec.o kernel/plic.o kernel/virtio_disk.o kernel/start.o kernel/console.o kernel/printf.o kernel/uart.o kernel/spinlock.o kernel/kernel.ld user/initcode
#  Implicit rule search has not been done.
#  Modification time never checked.
#  File has not been updated.
#  commands to execute (from `Makefile', line 123):
	$(LD) $(LDFLAGS) -T $K/kernel.ld -o $K/kernel $(OBJS) $(OBJS_KCSAN)
	$(OBJDUMP) -S $K/kernel > $K/kernel.asm
	$(OBJDUMP) -t $K/kernel | sed '1,/SYMBOL TABLE/d; s/ .* / /; /^$$/d' > $K/kernel.sym
	

user/printf.o: user/printf.c kernel/types.h kernel/stat.h user/user.h /opt/homebrew/Cellar/riscv-gnu-toolchain/main/lib/gcc/riscv64-unknown-elf/11.1.0/include/stdarg.h
#  Implicit rule search has not been done.
#  Modification time never checked.
#  File has not been updated.

# Not a target:
user/_cat:
#  Implicit rule search has not been done.
#  Modification time never checked.
#  File has not been updated.

kernel/bio.o: kernel/bio.c kernel/types.h kernel/param.h kernel/spinlock.h kernel/sleeplock.h kernel/riscv.h kernel/defs.h kernel/fs.h kernel/buf.h
#  Implicit rule search has not been done.
#  Modification time never checked.
#  File has not been updated.
# makefile (from `Makefile', line 127)
# EXTRAFLAG := 
# variable set hash-table stats:
# Load=1/32=3%, Rehash=0, Collisions=0/2=0%

# Not a target:
user/sh.c:
#  Implicit rule search has not been done.
#  Modification time never checked.
#  File has not been updated.

# Not a target:
kernel/trap.c:
#  Implicit rule search has not been done.
#  Modification time never checked.
#  File has not been updated.

user/_uthread: user/uthread.o user/uthread_switch.o user/ulib.o user/usys.o user/printf.o user/umalloc.o
#  Implicit rule search has not been done.
#  Modification time never checked.
#  File has not been updated.
#  commands to execute (from `Makefile', line 224):
	$(LD) $(LDFLAGS) -N -e main -Ttext 0 -o $U/_uthread $U/uthread.o $U/uthread_switch.o $(ULIB)
	$(OBJDUMP) -S $U/_uthread > $U/uthread.asm
	

# Not a target:
user/_sh:
#  Implicit rule search has not been done.
#  Modification time never checked.
#  File has not been updated.

# Not a target:
kernel/uart.c:
#  Implicit rule search has not been done.
#  Modification time never checked.
#  File has not been updated.

# Not a target:
kernel/sleeplock.c:
#  Implicit rule search has not been done.
#  Modification time never checked.
#  File has not been updated.

# Not a target:
kernel/trap.d:
#  A default, MAKEFILES, or -include/sinclude makefile.
#  Implicit rule search has been done.
#  Last modified 2022-07-25 15:58:18
#  File has been updated.
#  Successfully updated.
# variable set hash-table stats:
# Load=0/32=0%, Rehash=0, Collisions=0/0=0%
 

# Not a target:
kernel/plic.c:
#  Implicit rule search has not been done.
#  Modification time never checked.
#  File has not been updated.

# Not a target:
user/init.c:
#  Implicit rule search has not been done.
#  Modification time never checked.
#  File has not been updated.

.gdbinit: .gdbinit.tmpl-riscv
#  Implicit rule search has not been done.
#  Modification time never checked.
#  File has not been updated.
#  commands to execute (from `Makefile', line 305):
	sed "s/:1234/:$(GDBPORT)/" < $^ > $@
	

# Not a target:
kernel/log.c:
#  Implicit rule search has not been done.
#  Modification time never checked.
#  File has not been updated.

# Not a target:
user/_kill:
#  Implicit rule search has not been done.
#  Modification time never checked.
#  File has not been updated.

# Not a target:
user/zombie.d:
#  A default, MAKEFILES, or -include/sinclude makefile.
#  Implicit rule search has been done.
#  Last modified 2022-07-25 15:58:21
#  File has been updated.
#  Successfully updated.
# variable set hash-table stats:
# Load=0/32=0%, Rehash=0, Collisions=0/0=0%

user/kill.o: user/kill.c kernel/types.h kernel/stat.h user/user.h
#  Implicit rule search has not been done.
#  Modification time never checked.
#  File has not been updated.

# Not a target:
kernel/fs.h:
#  Implicit rule search has not been done.
#  Modification time never checked.
#  File has not been updated.

kernel/sysproc.o: kernel/sysproc.c kernel/types.h kernel/riscv.h kernel/defs.h kernel/date.h kernel/param.h kernel/memlayout.h kernel/spinlock.h kernel/proc.h
#  Implicit rule search has not been done.
#  Modification time never checked.
#  File has not been updated.
# makefile (from `Makefile', line 127)
# EXTRAFLAG := 
# variable set hash-table stats:
# Load=1/32=3%, Rehash=0, Collisions=0/2=0%

# Not a target:
user/_echo:
#  Implicit rule search has not been done.
#  Modification time never checked.
#  File has not been updated.

fs.img: mkfs/mkfs README user/_cat user/_echo user/_forktest user/_grep user/_init user/_kill user/_ln user/_ls user/_mkdir user/_rm user/_sh user/_stressfs user/_usertests user/_grind user/_wc user/_zombie user/_uthread
#  Implicit rule search has not been done.
#  Modification time never checked.
#  File has not been updated.
#  commands to execute (from `Makefile', line 264):
	mkfs/mkfs fs.img README $(UEXTRA) $(UPROGS)
	

# Not a target:
user/wc.d:
#  A default, MAKEFILES, or -include/sinclude makefile.
#  Implicit rule search has been done.
#  Last modified 2022-07-25 15:58:20
#  File has been updated.
#  Successfully updated.
# variable set hash-table stats:
# Load=0/32=0%, Rehash=0, Collisions=0/0=0%

# Not a target:
user/_grind:
#  Implicit rule search has not been done.
#  Modification time never checked.
#  File has not been updated.

# Not a target:
kernel/syscall.c:
#  Implicit rule search has not been done.
#  Modification time never checked.
#  File has not been updated.

# Not a target:
kernel/swtch.o:
#  Implicit rule search has not been done.
#  Modification time never checked.
#  File has not been updated.
# makefile (from `Makefile', line 127)
# EXTRAFLAG := 
# variable set hash-table stats:
# Load=1/32=3%, Rehash=0, Collisions=0/2=0%

# Not a target:
kernel/start.d:
#  A default, MAKEFILES, or -include/sinclude makefile.
#  Implicit rule search has been done.
#  Last modified 2022-07-25 15:58:19
#  File has been updated.
#  Successfully updated.
# variable set hash-table stats:
# Load=0/32=0%, Rehash=0, Collisions=0/0=0%

# Not a target:
user/usys.d:
#  A default, MAKEFILES, or -include/sinclude makefile.
#  Implicit rule search has been done.
#  Last modified 2022-07-25 15:58:20
#  File has been updated.
#  Successfully updated.
# variable set hash-table stats:
# Load=0/32=0%, Rehash=0, Collisions=0/0=0%

user/umalloc.o: user/umalloc.c kernel/types.h kernel/stat.h user/user.h kernel/param.h
#  Implicit rule search has not been done.
#  Modification time never checked.
#  File has not been updated.

# Not a target:
user/ls.d:
#  A default, MAKEFILES, or -include/sinclude makefile.
#  Implicit rule search has been done.
#  Last modified 2022-07-25 15:58:20
#  File has been updated.
#  Successfully updated.
# variable set hash-table stats:
# Load=0/32=0%, Rehash=0, Collisions=0/0=0%

# Not a target:
conf/lab.mk:
#  A default, MAKEFILES, or -include/sinclude makefile.
#  Implicit rule search has been done.
#  Last modified 2022-07-25 16:11:29
#  File has been updated.
#  Successfully updated.
# variable set hash-table stats:
# Load=0/32=0%, Rehash=0, Collisions=0/0=0%

# Not a target:
user/stressfs.d:
#  A default, MAKEFILES, or -include/sinclude makefile.
#  Implicit rule search has been done.
#  Last modified 2022-07-25 15:58:20
#  File has been updated.
#  Successfully updated.
# variable set hash-table stats:
# Load=0/32=0%, Rehash=0, Collisions=0/0=0%

# Not a target:
.DEFAULT:
#  Implicit rule search has not been done.
#  Modification time never checked.
#  File has not been updated.

kernel/file.o: kernel/file.c kernel/types.h kernel/riscv.h kernel/defs.h kernel/param.h kernel/fs.h kernel/spinlock.h kernel/sleeplock.h kernel/file.h kernel/stat.h kernel/proc.h
#  Implicit rule search has not been done.
#  Modification time never checked.
#  File has not been updated.
# makefile (from `Makefile', line 127)
# EXTRAFLAG := 
# variable set hash-table stats:
# Load=1/32=3%, Rehash=0, Collisions=0/2=0%

# Not a target:
user/ulib.d:
#  A default, MAKEFILES, or -include/sinclude makefile.
#  Implicit rule search has been done.
#  Last modified 2022-07-25 15:58:20
#  File has been updated.
#  Successfully updated.
 
# variable set hash-table stats:
# Load=0/32=0%, Rehash=0, Collisions=0/0=0%

# Not a target:
user/umalloc.c:
#  Implicit rule search has not been done.
#  Modification time never checked.
#  File has not been updated.

# Not a target:
user/forktest.c:
#  Implicit rule search has not been done.
#  Modification time never checked.
#  File has not been updated.

# Not a target:
user/initcode.d:
#  A default, MAKEFILES, or -include/sinclude makefile.
#  Implicit rule search has been done.
#  Last modified 2022-07-25 15:58:19
#  File has been updated.
#  Successfully updated.
# variable set hash-table stats:
# Load=0/32=0%, Rehash=0, Collisions=0/0=0%

# Not a target:
user/usertests.c:
#  Implicit rule search has not been done.
#  Modification time never checked.
#  File has not been updated.

kernel/spinlock.o: kernel/spinlock.c kernel/types.h kernel/param.h kernel/memlayout.h kernel/spinlock.h kernel/riscv.h kernel/proc.h kernel/defs.h
#  Implicit rule search has not been done.
#  Modification time never checked.
#  File has not been updated.

kernel/proc.o: kernel/proc.c kernel/types.h kernel/param.h kernel/memlayout.h kernel/riscv.h kernel/spinlock.h kernel/proc.h kernel/defs.h
#  Implicit rule search has not been done.
#  Modification time never checked.
#  File has not been updated.
# makefile (from `Makefile', line 127)
# EXTRAFLAG := 
# variable set hash-table stats:
# Load=1/32=3%, Rehash=0, Collisions=0/2=0%

# Not a target:
kernel/pipe.d:
#  A default, MAKEFILES, or -include/sinclude makefile.
#  Implicit rule search has been done.
#  Last modified 2022-07-25 15:58:19
#  File has been updated.
#  Successfully updated.
# variable set hash-table stats:
# Load=0/32=0%, Rehash=0, Collisions=0/0=0%

# Not a target:
kernel/sleeplock.h:
#  Implicit rule search has not been done.
#  Modification time never checked.
#  File has not been updated.

# Not a target:
kernel/param.h:
#  Implicit rule search has not been done.
#  Modification time never checked.
#  File has not been updated.

kernel/string.o: kernel/string.c kernel/types.h
#  Implicit rule search has not been done.
#  Modification time never checked.
#  File has not been updated.
# makefile (from `Makefile', line 127)
# EXTRAFLAG := 
# variable set hash-table stats:
# Load=1/32=3%, Rehash=0, Collisions=0/2=0%

# Not a target:
user/grep.d:
#  A default, MAKEFILES, or -include/sinclude makefile.
#  Implicit rule search has been done.
#  Last modified 2022-07-25 15:58:20
#  File has been updated.
#  Successfully updated.
# variable set hash-table stats:
# Load=0/32=0%, Rehash=0, Collisions=0/0=0%

qemu-gdb: kernel/kernel .gdbinit fs.img
#  Implicit rule search has not been done.
#  Modification time never checked.
#  File has not been updated.
#  commands to execute (from `Makefile', line 308):
	@echo "*** Now run 'gdb' in another window." 1>&2
	$(QEMU) $(QEMUOPTS) -S $(QEMUGDB)
	

kernel/sysfile.o: kernel/sysfile.c kernel/types.h kernel/riscv.h kernel/defs.h kernel/param.h kernel/stat.h kernel/spinlock.h kernel/proc.h kernel/fs.h kernel/sleeplock.h kernel/file.h kernel/fcntl.h
#  Implicit rule search has not been done.
#  Modification time never checked.
#  File has not been updated.
# makefile (from `Makefile', line 127)
# EXTRAFLAG := 
# variable set hash-table stats:
# Load=1/32=3%, Rehash=0, Collisions=0/2=0%

# Not a target:
user/cowtest.c:
#  Implicit rule search has not been done.
#  Modification time never checked.
#  File has not been updated.

clean:
#  Phony target (prerequisite of .PHONY).
#  Implicit rule search has not been done.
#  File does not exist.
#  File has not been updated.
#  commands to execute (from `Makefile', line 269):
	rm -f *.tex *.dvi *.idx *.aux *.log *.ind *.ilg \
	*/*.o */*.d */*.asm */*.sym \
	$U/initcode $U/initcode.out $K/kernel fs.img \
	mkfs/mkfs .gdbinit \
	$U/usys.S \
	$(UPROGS) \
	ph barrier
	

# Not a target:
kernel/syscall.h:
#  Implicit rule search has not been done.
#  Modification time never checked.
#  File has not been updated.

# Not a target:
kernel/stat.h:
#  Implicit rule search has not been done.
#  Modification time never checked.
#  File has not been updated.

# Not a target:
kernel/kernelvec.o:
#  Implicit rule search has not been done.
#  Modification time never checked.
#  File has not been updated.
# makefile (from `Makefile', line 127)
# EXTRAFLAG := 
# variable set hash-table stats:
# Load=1/32=3%, Rehash=0, Collisions=0/2=0%

tarball-pref: handin-check
#  Phony target (prerequisite of .PHONY).
#  Implicit rule search has not been done.
#  File does not exist.
#  File has not been updated.
#  commands to execute (from `Makefile', line 382):
	@SUF=$(LAB); \
	git archive --format=tar HEAD > lab-$$SUF-handin.tar; \
	git diff $(UPSTREAM)/$(LAB) > /tmp/lab-$$SUF-diff.patch; \
	tar -rf lab-$$SUF-handin.tar /tmp/lab-$$SUF-diff.patch; \
	gzip -c lab-$$SUF-handin.tar > lab-$$SUF-handin.tar.gz; \
	rm lab-$$SUF-handin.tar; \
	rm /tmp/lab-$$SUF-diff.patch; \
	

# Not a target:
kernel/main.d:
#  A default, MAKEFILES, or -include/sinclude makefile.
#  Implicit rule search has been done.
#  Last modified 2022-07-25 15:58:18
#  File has been updated.
#  Successfully updated.
# variable set hash-table stats:
# Load=0/32=0%, Rehash=0, Collisions=0/0=0%

# Not a target:
kernel/kalloc.c:
#  Implicit rule search has not been done.
#  Modification time never checked.
#  File has not been updated.

# Not a target:
user/rm.c:
#  Implicit rule search has not been done.
#  Modification time never checked.
#  File has not been updated.

# Not a target:
user/grind.d:
#  A default, MAKEFILES, or -include/sinclude makefile.
#  Implicit rule search has been done.
#  Last modified 2022-07-25 15:58:20
#  File has been updated.
#  Successfully updated.
# variable set hash-table stats:
# Load=0/32=0%, Rehash=0, Collisions=0/0=0%

kernel/virtio_disk.o: kernel/virtio_disk.c kernel/types.h kernel/riscv.h kernel/defs.h kernel/param.h kernel/memlayout.h kernel/spinlock.h kernel/sleeplock.h kernel/fs.h kernel/buf.h kernel/virtio.h
#  Implicit rule search has not been done.
#  Modification time never checked.
#  File has not been updated.
# makefile (from `Makefile', line 127)
# EXTRAFLAG := 
# variable set hash-table stats:
# Load=1/32=3%, Rehash=0, Collisions=0/2=0%

# Not a target:
user/ln.d:
#  A default, MAKEFILES, or -include/sinclude makefile.
#  Implicit rule search has been done.
#  Last modified 2022-07-25 15:58:20
#  File has been updated.
#  Successfully updated.
# variable set hash-table stats:
# Load=0/32=0%, Rehash=0, Collisions=0/0=0%

# Not a target:
kernel/fs.d:
#  A default, MAKEFILES, or -include/sinclude makefile.
#  Implicit rule search has been done.
#  Last modified 2022-07-25 15:58:19
#  File has been updated.
#  Successfully updated.
# variable set hash-table stats:
# Load=0/32=0%, Rehash=0, Collisions=0/0=0%

kernel/printf.o: kernel/printf.c /opt/homebrew/Cellar/riscv-gnu-toolchain/main/lib/gcc/riscv64-unknown-elf/11.1.0/include/stdarg.h kernel/types.h kernel/param.h kernel/spinlock.h kernel/sleeplock.h kernel/fs.h kernel/file.h kernel/memlayout.h kernel/riscv.h kernel/defs.h kernel/proc.h
#  Implicit rule search has not been done.
#  Modification time never checked.
#  File has not been updated.

# Not a target:
kernel/defs.h:
#  Implicit rule search has not been done.
#  Modification time never checked.
#  File has not been updated.

user/usertests.o: user/usertests.c kernel/param.h kernel/types.h kernel/stat.h user/user.h kernel/fs.h kernel/fcntl.h kernel/syscall.h kernel/memlayout.h kernel/riscv.h
#  Implicit rule search has not been done.
#  Modification time never checked.
#  File has not been updated.

# Not a target:
user/printf.d:
#  A default, MAKEFILES, or -include/sinclude makefile.
#  Implicit rule search has been done.
#  Last modified 2022-07-25 15:58:20
#  File has been updated.
#  Successfully updated.
# variable set hash-table stats:
# Load=0/32=0%, Rehash=0, Collisions=0/0=0%

# Not a target:
user/_usertests:
#  Implicit rule search has not been done.
#  Modification time never checked.
#  File has not been updated.

# Not a target:
user/zombie.c:
#  Implicit rule search has not been done.
 
#  Modification time never checked.
#  File has not been updated.

kernel/trap.o: kernel/trap.c kernel/types.h kernel/param.h kernel/memlayout.h kernel/riscv.h kernel/spinlock.h kernel/proc.h kernel/defs.h
#  Implicit rule search has not been done.
#  Modification time never checked.
#  File has not been updated.
# makefile (from `Makefile', line 127)
# EXTRAFLAG := 
# variable set hash-table stats:
# Load=1/32=3%, Rehash=0, Collisions=0/2=0%

myapi.key:
#  Implicit rule search has not been done.
#  Modification time never checked.
#  File has not been updated.
#  commands to execute (from `Makefile', line 391):
	@echo Get an API key for yourself by visiting $(WEBSUB)/
	@read -p "Please enter your API key: " k; \
	if test `echo "$$k" |tr -d '\n' |wc -c` = 32 ; then \
	TF=`mktemp -t tmp.XXXXXX`; \
	if test "x$$TF" != "x" ; then \
	echo "$$k" |tr -d '\n' > $$TF; \
	mv -f $$TF $@; \
	else \
	echo mktemp failed; \
	false; \
	fi; \
	else \
	echo Bad API key: $$k; \
	echo An API key should be 32 characters long.; \
	false; \
	fi;
	

# Not a target:
user/cat.d:
#  A default, MAKEFILES, or -include/sinclude makefile.
#  Implicit rule search has been done.
#  Last modified 2022-07-25 15:58:20
#  File has been updated.
#  Successfully updated.
# variable set hash-table stats:
# Load=0/32=0%, Rehash=0, Collisions=0/0=0%

# Not a target:
user/mkdir.d:
#  A default, MAKEFILES, or -include/sinclude makefile.
#  Implicit rule search has been done.
#  Last modified 2022-07-25 15:58:20
#  File has been updated.
#  Successfully updated.
# variable set hash-table stats:
# Load=0/32=0%, Rehash=0, Collisions=0/0=0%

barrier: notxv6/barrier.c
#  Implicit rule search has not been done.
#  Modification time never checked.
#  File has not been updated.
#  commands to execute (from `Makefile', line 231):
	gcc -o barrier -g -O2 $(XCFLAGS) notxv6/barrier.c -pthread
	

# Not a target:
user/_wc:
#  Implicit rule search has not been done.
#  Modification time never checked.
#  File has not been updated.

# Not a target:
kernel/sysproc.d:
#  A default, MAKEFILES, or -include/sinclude makefile.
#  Implicit rule search has been done.
#  Last modified 2022-07-25 15:58:18
#  File has been updated.
#  Successfully updated.
# variable set hash-table stats:
# Load=0/32=0%, Rehash=0, Collisions=0/0=0%

# Not a target:
user/printf.c:
#  Implicit rule search has not been done.
#  Modification time never checked.
#  File has not been updated.

user/wc.o: user/wc.c kernel/types.h kernel/stat.h user/user.h
#  Implicit rule search has not been done.
#  Modification time never checked.
#  File has not been updated.

# Not a target:
user/_zombie:
#  Implicit rule search has not been done.
#  Modification time never checked.
#  File has not been updated.

kernel/start.o: kernel/start.c kernel/types.h kernel/param.h kernel/memlayout.h kernel/riscv.h kernel/defs.h
#  Implicit rule search has not been done.
#  Modification time never checked.
#  File has not been updated.

# Not a target:
user/sh.d:
#  A default, MAKEFILES, or -include/sinclude makefile.
#  Implicit rule search has been done.
#  Last modified 2022-07-25 15:58:20
#  File has been updated.
#  Successfully updated.
# variable set hash-table stats:
# Load=0/32=0%, Rehash=0, Collisions=0/0=0%

user/usys.o: user/usys.S user/usys.S kernel/syscall.h
#  Implicit rule search has not been done.
#  Modification time never checked.
#  File has not been updated.
#  commands to execute (from `Makefile', line 157):
	$(CC) $(CFLAGS) -c -o $U/usys.o $U/usys.S
	

user/zombie.o: user/zombie.c kernel/types.h kernel/stat.h user/user.h
#  Implicit rule search has not been done.
#  Modification time never checked.
#  File has not been updated.

# Not a target:
kernel/date.h:
#  Implicit rule search has not been done.
#  Modification time never checked.
#  File has not been updated.

# Not a target:
kernel/uart.d:
#  A default, MAKEFILES, or -include/sinclude makefile.
#  Implicit rule search has been done.
#  Last modified 2022-07-25 15:58:19
#  File has been updated.
#  Successfully updated.
# variable set hash-table stats:
# Load=0/32=0%, Rehash=0, Collisions=0/0=0%

user/ls.o: user/ls.c kernel/types.h kernel/stat.h user/user.h kernel/fs.h
#  Implicit rule search has not been done.
#  Modification time never checked.
#  File has not been updated.

# Not a target:
kernel/sleeplock.d:
#  A default, MAKEFILES, or -include/sinclude makefile.
#  Implicit rule search has been done.
#  Last modified 2022-07-25 15:58:19
#  File has been updated.
#  Successfully updated.
# variable set hash-table stats:
# Load=0/32=0%, Rehash=0, Collisions=0/0=0%

# Not a target:
kernel/plic.d:
#  A default, MAKEFILES, or -include/sinclude makefile.
#  Implicit rule search has been done.
#  Last modified 2022-07-25 15:58:19
#  File has been updated.
#  Successfully updated.
# variable set hash-table stats:
# Load=0/32=0%, Rehash=0, Collisions=0/0=0%

# Not a target:
user/init.d:
#  A default, MAKEFILES, or -include/sinclude makefile.
#  Implicit rule search has been done.
#  Last modified 2022-07-25 15:58:20
#  File has been updated.
#  Successfully updated.
# variable set hash-table stats:
# Load=0/32=0%, Rehash=0, Collisions=0/0=0%

# Not a target:
kernel/sysproc.c:
#  Implicit rule search has not been done.
#  Modification time never checked.
#  File has not been updated.

user/stressfs.o: user/stressfs.c kernel/types.h kernel/stat.h user/user.h kernel/fs.h kernel/fcntl.h
#  Implicit rule search has not been done.
#  Modification time never checked.
#  File has not been updated.

# Not a target:
kernel/log.d:
#  A default, MAKEFILES, or -include/sinclude makefile.
#  Implicit rule search has been done.
#  Last modified 2022-07-25 15:58:19
#  File has been updated.
#  Successfully updated.
# variable set hash-table stats:
# Load=0/32=0%, Rehash=0, Collisions=0/0=0%

# Not a target:
user/user.h:
#  Implicit rule search has not been done.
#  Modification time never checked.
#  File has not been updated.

# Not a target:
user/usys.pl:
#  Implicit rule search has not been done.
#  Modification time never checked.
#  File has not been updated.

kernel/console.o: kernel/console.c /opt/homebrew/Cellar/riscv-gnu-toolchain/main/lib/gcc/riscv64-unknown-elf/11.1.0/include/stdarg.h kernel/types.h kernel/param.h kernel/spinlock.h kernel/sleeplock.h kernel/fs.h kernel/file.h kernel/memlayout.h kernel/riscv.h kernel/defs.h kernel/proc.h
#  Implicit rule search has not been done.
#  Modification time never checked.
#  File has not been updated.

user/ulib.o: user/ulib.c kernel/types.h kernel/stat.h kernel/fcntl.h user/user.h
#  Implicit rule search has not been done.
#  Modification time never checked.
#  File has not been updated.

# Not a target:
kernel/syscall.d:
#  A default, MAKEFILES, or -include/sinclude makefile.
#  Implicit rule search has been done.
#  Last modified 2022-07-25 15:58:18
#  File has been updated.
#  Successfully updated.
# variable set hash-table stats:
# Load=0/32=0%, Rehash=0, Collisions=0/0=0%

# Not a target:
user/rm.d:
#  A default, MAKEFILES, or -include/sinclude makefile.
#  Implicit rule search has been done.
#  Last modified 2022-07-25 15:58:20
#  File has been updated.
#  Successfully updated.
# variable set hash-table stats:
# Load=0/32=0%, Rehash=0, Collisions=0/0=0%

user/uthread_switch.o: user/uthread_switch.S
#  Implicit rule search has not been done.
#  Modification time never checked.
#  File has not been updated.
#  commands to execute (from `Makefile', line 221):
	$(CC) $(CFLAGS) -c -o $U/uthread_switch.o $U/uthread_switch.S
	

# Not a target:
kernel/virtio.h:
#  Implicit rule search has not been done.
#  Modification time never checked.
#  File has not been updated.

user/initcode: user/initcode.S
#  Implicit rule search has not been done.
#  Modification time never checked.
#  File has not been updated.
#  commands to execute (from `Makefile', line 134):
	$(CC) $(CFLAGS) -march=rv64g -nostdinc -I. -Ikernel -c $U/initcode.S -o $U/initcode.o
	$(LD) $(LDFLAGS) -N -e start -Ttext 0 -o $U/initcode.out $U/initcode.o
	$(OBJCOPY) -S -O binary $U/initcode.out $U/initcode
	$(OBJDUMP) -S $U/initcode.o > $U/initcode.asm
	

 
user/initcode.o: user/initcode.S kernel/syscall.h
#  Implicit rule search has not been done.
#  Modification time never checked.
#  File has not been updated.

# Not a target:
kernel/types.h:
#  Implicit rule search has not been done.
#  Modification time never checked.
#  File has not been updated.

# Not a target:
kernel/entry.o:
#  Implicit rule search has not been done.
#  Modification time never checked.
#  File has not been updated.
# makefile (from `Makefile', line 127)
# EXTRAFLAG := 
# variable set hash-table stats:
# Load=1/32=3%, Rehash=0, Collisions=0/2=0%

# Not a target:
kernel/vm.d:
#  A default, MAKEFILES, or -include/sinclude makefile.
#  Implicit rule search has been done.
#  Last modified 2022-07-25 15:58:18
#  File has been updated.
#  Successfully updated.
# variable set hash-table stats:
# Load=0/32=0%, Rehash=0, Collisions=0/0=0%

kernel/pipe.o: kernel/pipe.c kernel/types.h kernel/riscv.h kernel/defs.h kernel/param.h kernel/spinlock.h kernel/proc.h kernel/fs.h kernel/sleeplock.h kernel/file.h
#  Implicit rule search has not been done.
#  Modification time never checked.
#  File has not been updated.
# makefile (from `Makefile', line 127)
# EXTRAFLAG := 
# variable set hash-table stats:
# Load=1/32=3%, Rehash=0, Collisions=0/2=0%

# Not a target:
notxv6/barrier.c:
#  Implicit rule search has not been done.
#  Modification time never checked.
#  File has not been updated.

# Not a target:
kernel/file.c:
#  Implicit rule search has not been done.
#  Modification time never checked.
#  File has not been updated.

user/grep.o: user/grep.c kernel/types.h kernel/stat.h user/user.h
#  Implicit rule search has not been done.
#  Modification time never checked.
#  File has not been updated.

# Not a target:
user/_grep:
#  Implicit rule search has not been done.
#  Modification time never checked.
#  File has not been updated.

# Not a target:
/opt/homebrew/Cellar/riscv-gnu-toolchain/main/lib/gcc/riscv64-unknown-elf/11.1.0/include/stdarg.h:
#  Implicit rule search has not been done.
#  Modification time never checked.
#  File has not been updated.

# Not a target:
user/forktest.d:
#  A default, MAKEFILES, or -include/sinclude makefile.
#  Implicit rule search has been done.
#  Last modified 2022-07-25 15:58:20
#  File has been updated.
#  Successfully updated.
# variable set hash-table stats:
# Load=0/32=0%, Rehash=0, Collisions=0/0=0%

# Not a target:
kernel/spinlock.c:
#  Implicit rule search has not been done.
#  Modification time never checked.
#  File has not been updated.

# Not a target:
kernel/proc.c:
#  Implicit rule search has not been done.
#  Modification time never checked.
#  File has not been updated.

# Not a target:
user/echo.d:
#  A default, MAKEFILES, or -include/sinclude makefile.
#  Implicit rule search has been done.
#  Last modified 2022-07-25 15:58:20
#  File has been updated.
#  Successfully updated.
# variable set hash-table stats:
# Load=0/32=0%, Rehash=0, Collisions=0/0=0%

# Not a target:
user/usertests.d:
#  A default, MAKEFILES, or -include/sinclude makefile.
#  Implicit rule search has been done.
#  Last modified 2022-07-25 15:58:20
#  File has been updated.
#  Successfully updated.
# variable set hash-table stats:
# Load=0/32=0%, Rehash=0, Collisions=0/0=0%

# Not a target:
user/uthread.o:
#  Implicit rule search has not been done.
#  Modification time never checked.
#  File has not been updated.

# Not a target:
kernel/elf.h:
#  Implicit rule search has not been done.
#  Modification time never checked.
#  File has not been updated.

kernel/main.o: kernel/main.c kernel/types.h kernel/param.h kernel/memlayout.h kernel/riscv.h kernel/defs.h
#  Implicit rule search has not been done.
#  Modification time never checked.
#  File has not been updated.
# makefile (from `Makefile', line 127)
# EXTRAFLAG := 
# variable set hash-table stats:
# Load=1/32=3%, Rehash=0, Collisions=0/2=0%

# Not a target:
kernel/string.c:
#  Implicit rule search has not been done.
#  Modification time never checked.
#  File has not been updated.

# files hash-table stats:
# Load=212/1024=21%, Rehash=0, Collisions=134/727=18%
# VPATH Search Paths

# No `vpath' search paths.

# No general (`VPATH' variable) search path.

# # of strings in strcache: 47
# # of strcache buffers: 1
# strcache size: total = 4096 / max = 4096 / min = 4096 / avg = 4096
# strcache free: total = 3442 / max = 3442 / min = 3442 / avg = 3442

# Finished Make data base on Mon Jul 25 16:11:39 2022

 
